[debug] [2019-10-01T23:08:55.251Z] ----------------------------------------------------------------------
[debug] [2019-10-01T23:08:55.254Z] Command:       /Users/jwgoedert/.nvm/versions/node/v8.11.4/bin/node /Users/jwgoedert/.nvm/versions/node/v8.11.4/bin/firebase serve
[debug] [2019-10-01T23:08:55.254Z] CLI Version:   7.4.0
[debug] [2019-10-01T23:08:55.254Z] Platform:      darwin
[debug] [2019-10-01T23:08:55.254Z] Node Version:  v8.11.4
[debug] [2019-10-01T23:08:55.255Z] Time:          Tue Oct 01 2019 18:08:55 GMT-0500 (CDT)
[debug] [2019-10-01T23:08:55.255Z] ----------------------------------------------------------------------
[debug] 
[debug] [2019-10-01T23:08:55.267Z] > command requires scopes: ["email","openid","https://www.googleapis.com/auth/cloudplatformprojects.readonly","https://www.googleapis.com/auth/firebase","https://www.googleapis.com/auth/cloud-platform"]
[debug] [2019-10-01T23:08:55.267Z] > authorizing via signed-in user
[debug] [2019-10-01T23:08:55.267Z] [iam] checking project sandbox-f57a2 for permissions ["firebase.projects.get"]
[debug] [2019-10-01T23:08:55.269Z] >>> HTTP REQUEST POST https://cloudresourcemanager.googleapis.com/v1/projects/sandbox-f57a2:testIamPermissions  

[debug] [2019-10-01T23:08:55.761Z] <<< HTTP RESPONSE 200
[debug] [2019-10-01T23:08:55.763Z] >>> HTTP REQUEST GET https://firebase.googleapis.com/v1beta1/projects/sandbox-f57a2  
 
[debug] [2019-10-01T23:08:56.179Z] <<< HTTP RESPONSE 200
[info] 
[info] === Serving from '/Users/jwgoedert/Desktop/Learning/React/PreOctReact/Firebase/WIP/capns-log-mvp1'...
[info] 
[debug] [2019-10-01T23:08:56.181Z] >>> HTTP REQUEST GET https://firebase.googleapis.com/v1beta1/projects/sandbox-f57a2/webApps/-/config  
 
[debug] [2019-10-01T23:08:56.920Z] <<< HTTP RESPONSE 200
[info] i  hosting: Serving hosting files from: build
[info] ✔  hosting: Local server: http://localhost:5000
